# JRE version: Java(TM) SE Runtime Environment (8.0_121-b13) (build 1.8.0_121-b13)
# Java VM: Java HotSpot(TM) 64-Bit Server VM (25.121-b13 mixed mode bsd-amd64 compressed oops)
Heap:
 PSYoungGen      total 248320K, used 12171K [0x0000000795580000, 0x00000007a5f80000, 0x00000007c0000000)
  eden space 231936K, 0% used [0x0000000795580000,0x0000000795580000,0x00000007a3800000)
  from space 16384K, 74% used [0x00000007a4880000,0x00000007a5462c60,0x00000007a5880000)
  to   space 16896K, 0% used [0x00000007a3800000,0x00000007a3800000,0x00000007a4880000)
 ParOldGen       total 50176K, used 17520K [0x0000000740000000, 0x0000000743100000, 0x0000000795580000)
  object space 50176K, 34% used [0x0000000740000000,0x000000074111c1c8,0x0000000743100000)
 Metaspace       used 34147K, capacity 35262K, committed 35416K, reserved 1079296K
  class space    used 4710K, capacity 5148K, committed 5208K, reserved 1048576K
GC Heap History (10 events):
Event: 4.472 GC heap after
Heap after GC invocations=5 (full 0):
 PSYoungGen      total 71680K, used 5088K [0x0000000795580000, 0x000000079ec80000, 0x00000007c0000000)
  eden space 66560K, 0% used [0x0000000795580000,0x0000000795580000,0x0000000799680000)
  from space 5120K, 99% used [0x0000000799680000,0x0000000799b78030,0x0000000799b80000)
  to   space 10752K, 0% used [0x000000079e200000,0x000000079e200000,0x000000079ec80000)
 ParOldGen       total 87552K, used 9804K [0x0000000740000000, 0x0000000745580000, 0x0000000795580000)
  object space 87552K, 11% used [0x0000000740000000,0x0000000740993010,0x0000000745580000)
 Metaspace       used 20786K, capacity 21092K, committed 21248K, reserved 1067008K
  class space    used 2828K, capacity 2976K, committed 3072K, reserved 1048576K
}
Event: 4.472 GC heap before
{Heap before GC invocations=6 (full 1):
 PSYoungGen      total 71680K, used 5088K [0x0000000795580000, 0x000000079ec80000, 0x00000007c0000000)
  eden space 66560K, 0% used [0x0000000795580000,0x0000000795580000,0x0000000799680000)
  from space 5120K, 99% used [0x0000000799680000,0x0000000799b78030,0x0000000799b80000)
  to   space 10752K, 0% used [0x000000079e200000,0x000000079e200000,0x000000079ec80000)
 ParOldGen       total 87552K, used 9804K [0x0000000740000000, 0x0000000745580000, 0x0000000795580000)
  object space 87552K, 11% used [0x0000000740000000,0x0000000740993010,0x0000000745580000)
 Metaspace       used 20786K, capacity 21092K, committed 21248K, reserved 1067008K
  class space    used 2828K, capacity 2976K, committed 3072K, reserved 1048576K
Event: 4.559 GC heap after
Heap after GC invocations=6 (full 1):
 PSYoungGen      total 71680K, used 0K [0x0000000795580000, 0x000000079ec80000, 0x00000007c0000000)
  eden space 66560K, 0% used [0x0000000795580000,0x0000000795580000,0x0000000799680000)
  from space 5120K, 0% used [0x0000000799680000,0x0000000799680000,0x0000000799b80000)
  to   space 10752K, 0% used [0x000000079e200000,0x000000079e200000,0x000000079ec80000)
 ParOldGen       total 50176K, used 7423K [0x0000000740000000, 0x0000000743100000, 0x0000000795580000)
  object space 50176K, 14% used [0x0000000740000000,0x000000074073fcc8,0x0000000743100000)
 Metaspace       used 20786K, capacity 21092K, committed 21248K, reserved 1067008K
  class space    used 2828K, capacity 2976K, committed 3072K, reserved 1048576K
}
Event: 8.833 GC heap before
{Heap before GC invocations=7 (full 1):
 PSYoungGen      total 71680K, used 66560K [0x0000000795580000, 0x000000079ec80000, 0x00000007c0000000)
  eden space 66560K, 100% used [0x0000000795580000,0x0000000799680000,0x0000000799680000)
  from space 5120K, 0% used [0x0000000799680000,0x0000000799680000,0x0000000799b80000)
  to   space 10752K, 0% used [0x000000079e200000,0x000000079e200000,0x000000079ec80000)
 ParOldGen       total 50176K, used 7423K [0x0000000740000000, 0x0000000743100000, 0x0000000795580000)
  object space 50176K, 14% used [0x0000000740000000,0x000000074073fcc8,0x0000000743100000)
 Metaspace       used 25415K, capacity 26130K, committed 26240K, reserved 1071104K
  class space    used 3446K, capacity 3706K, committed 3712K, reserved 1048576K
Event: 8.887 GC heap after
Heap after GC invocations=7 (full 1):
 PSYoungGen      total 132608K, used 6679K [0x0000000795580000, 0x000000079e900000, 0x00000007c0000000)
  eden space 125440K, 0% used [0x0000000795580000,0x0000000795580000,0x000000079d000000)
  from space 7168K, 93% used [0x000000079e200000,0x000000079e885df8,0x000000079e900000)
  to   space 10240K, 0% used [0x000000079d500000,0x000000079d500000,0x000000079df00000)
 ParOldGen       total 50176K, used 7495K [0x0000000740000000, 0x0000000743100000, 0x0000000795580000)
  object space 50176K, 14% used [0x0000000740000000,0x0000000740751cd8,0x0000000743100000)
 Metaspace       used 25415K, capacity 26130K, committed 26240K, reserved 1071104K
  class space    used 3446K, capacity 3706K, committed 3712K, reserved 1048576K
}
Event: 13.204 GC heap before
{Heap before GC invocations=8 (full 1):
 PSYoungGen      total 132608K, used 132119K [0x0000000795580000, 0x000000079e900000, 0x00000007c0000000)
  eden space 125440K, 100% used [0x0000000795580000,0x000000079d000000,0x000000079d000000)
  from space 7168K, 93% used [0x000000079e200000,0x000000079e885df8,0x000000079e900000)
  to   space 10240K, 0% used [0x000000079d500000,0x000000079d500000,0x000000079df00000)
 ParOldGen       total 50176K, used 7495K [0x0000000740000000, 0x0000000743100000, 0x0000000795580000)
  object space 50176K, 14% used [0x0000000740000000,0x0000000740751cd8,0x0000000743100000)
 Metaspace       used 32342K, capacity 33428K, committed 33664K, reserved 1077248K
  class space    used 4485K, capacity 4947K, committed 4992K, reserved 1048576K
Event: 13.292 GC heap after
Heap after GC invocations=8 (full 1):
 PSYoungGen      total 140800K, used 10208K [0x0000000795580000, 0x00000007a5880000, 0x00000007c0000000)
  eden space 130560K, 0% used [0x0000000795580000,0x0000000795580000,0x000000079d500000)
  from space 10240K, 99% used [0x000000079d500000,0x000000079def83f0,0x000000079df00000)
  to   space 16384K, 0% used [0x00000007a4880000,0x00000007a4880000,0x00000007a5880000)
 ParOldGen       total 50176K, used 17512K [0x0000000740000000, 0x0000000743100000, 0x0000000795580000)
  object space 50176K, 34% used [0x0000000740000000,0x000000074111a1c8,0x0000000743100000)
 Metaspace       used 32342K, capacity 33428K, committed 33664K, reserved 1077248K
  class space    used 4485K, capacity 4947K, committed 4992K, reserved 1048576K
}
Event: 14.732 GC heap before
{Heap before GC invocations=9 (full 1):
 PSYoungGen      total 140800K, used 28499K [0x0000000795580000, 0x00000007a5880000, 0x00000007c0000000)
  eden space 130560K, 14% used [0x0000000795580000,0x000000079675c8a8,0x000000079d500000)
  from space 10240K, 99% used [0x000000079d500000,0x000000079def83f0,0x000000079df00000)
  to   space 16384K, 0% used [0x00000007a4880000,0x00000007a4880000,0x00000007a5880000)
 ParOldGen       total 50176K, used 17512K [0x0000000740000000, 0x0000000743100000, 0x0000000795580000)
  object space 50176K, 34% used [0x0000000740000000,0x000000074111a1c8,0x0000000743100000)
 Metaspace       used 34147K, capacity 35262K, committed 35416K, reserved 1079296K
  class space    used 4710K, capacity 5148K, committed 5208K, reserved 1048576K
Event: 14.787 GC heap after
Heap after GC invocations=9 (full 1):
 PSYoungGen      total 248320K, used 12171K [0x0000000795580000, 0x00000007a5f80000, 0x00000007c0000000)
  eden space 231936K, 0% used [0x0000000795580000,0x0000000795580000,0x00000007a3800000)
  from space 16384K, 74% used [0x00000007a4880000,0x00000007a5462c60,0x00000007a5880000)
  to   space 16896K, 0% used [0x00000007a3800000,0x00000007a3800000,0x00000007a4880000)
 ParOldGen       total 50176K, used 17520K [0x0000000740000000, 0x0000000743100000, 0x0000000795580000)
  object space 50176K, 34% used [0x0000000740000000,0x000000074111c1c8,0x0000000743100000)
 Metaspace       used 34147K, capacity 35262K, committed 35416K, reserved 1079296K
  class space    used 4710K, capacity 5148K, committed 5208K, reserved 1048576K
}
Event: 14.787 GC heap before
{Heap before GC invocations=10 (full 2):
 PSYoungGen      total 248320K, used 12171K [0x0000000795580000, 0x00000007a5f80000, 0x00000007c0000000)
  eden space 231936K, 0% used [0x0000000795580000,0x0000000795580000,0x00000007a3800000)
  from space 16384K, 74% used [0x00000007a4880000,0x00000007a5462c60,0x00000007a5880000)
  to   space 16896K, 0% used [0x00000007a3800000,0x00000007a3800000,0x00000007a4880000)
 ParOldGen       total 50176K, used 17520K [0x0000000740000000, 0x0000000743100000, 0x0000000795580000)
  object space 50176K, 34% used [0x0000000740000000,0x000000074111c1c8,0x0000000743100000)
 Metaspace       used 34147K, capacity 35262K, committed 35416K, reserved 1079296K
  class space    used 4710K, capacity 5148K, committed 5208K, reserved 1048576K

